 THIS SOFTWARE AND ANY ACCOMPANYING DOCUMENTATION
 IS RELEASED "AS IS".  THE U.S. GOVERNMENT MAKES NO
 WARRANTY OF ANY KIND, EXPRESS OR IMPLIED, CONCERNING
 THIS SOFTWARE AND ANY ACCOMPANYING DOCUMENTATION,
 INCLUDING, WITHOUT LIMITATION, ANY WARRANTIES OF
 MERCHANTABILITY OR FITNESS FOR A PARTICULAR PURPOSE.
 IN NO EVENT WILL THE U.S. GOVERNMENT BE LIABLE FOR ANY
 DAMAGES, INCLUDING LOST PROFITS, LOST SAVINGS OR OTHER
 INCIDENTAL OR CONSEQUENTIAL DAMAGES ARISING OUT OF THE 
 USE, OR INABILITY TO USE, THIS SOFTWARE OR ANY
 ACCOMPANYING DOCUMENTATION, EVEN IF INFORMED IN ADVANCE
 OF THE POSSIBILITY OF SUCH DAMAGES.








                                        ****************************************************
                                        *    USAF STABILITY AND CONTROL  DIGITAL DATCOM    *
                                        *    PROGRAM REV. JAN 96   DIRECT INQUIRIES TO:    *
                                        *   WRIGHT LABORATORY  (WL/FIGC)  ATTN: W. BLAKE   *
                                        *         WRIGHT PATTERSON AFB, OHIO  45433        *
                                        *    PHONE (513) 255-6764,   FAX (513) 258-4054    *
                                        ****************************************************
1                         CONERR - INPUT ERROR CHECKING
0 ERROR CODES - N* DENOTES THE NUMBER OF OCCURENCES OF EACH ERROR
0 A - UNKNOWN VARIABLE NAME
0 B - MISSING EQUAL SIGN FOLLOWING VARIABLE NAME
0 C - NON-ARRAY VARIABLE HAS AN ARRAY ELEMENT DESIGNATION - (N)
0 D - NON-ARRAY VARIABLE HAS MULTIPLE VALUES ASSIGNED
0 E - ASSIGNED VALUES EXCEED ARRAY DIMENSION
0 F - SYNTAX ERROR

0******************************  INPUT DATA CARDS  ******************************

 DIM M                                                                           
 DAMP                                                                            
 DERIV RAD                                                                       
 PART                                                                            
  $FLTCON NMACH=1.0,   MACH=0.054,                                               
          NALT=1.0,    ALT=100.000,                                              
          NALPHA=20.0, ALSCHD=-9.0,-8.0,-7.0,-6.0,-5.0,-4.0,-3.0,-2.0,-1.0,      
                               0.0, 1.0, 2.0, 3.0, 4.0, 5.0, 6.0, 7.0, 8.0, 9.0, 
          WT=74.058,  GAMMA=0.0,                                                 
          LOOP=2.0$                                                              
  $OPTINS BLREF=2.182,SREF=0.635,CBARR=0.309$                                    
  $SYNTHS XCG =0.7772,    ZCG=0.0072,                                            
          XW  =0.6130,    ZW=0.0680,                                             
          XH  =1.6265,    ZH=0.3270,                                             
          XV  =1.5911,    ZV=-0.0068,                                            
          ALIW=2.0224,  ALIH=2.5755,                                             
          VERTUP=.TRUE.$                                                         
  $BODY NX=10.0,                                                                 
        X =-0.004, 0.055, 0.105, 0.155, 0.205, 0.255, 0.910, 0.950, 1.000, 1.100,
        S = 0.000, 0.014, 0.024, 0.032, 0.037, 0.039, 0.039, 0.037, 0.030, 0.008,
        R = 0.000, 0.061, 0.080, 0.090, 0.097, 0.100, 0.100, 0.097, 0.087, 0.050,
        P = 0.000, 0.435, 0.573, 0.672, 0.739, 0.765, 0.765, 0.736, 0.643, 0.314,
        ZU=-0.016, 0.055, 0.083, 0.100, 0.110, 0.115, 0.115, 0.112, 0.100, 0.050,
        ZL=-0.016,-0.068,-0.077,-0.082,-0.084,-0.084,-0.084,-0.082,-0.076,-0.050,
        DS=1.0,ITYPE=1.0,METHOD=1.0$                                             
  $WGPLNF CHRDTP=0.166,  CHRDR=0.416,                                            
          SSPNE =0.991,  SSPN=1.091,                                             
          DHDADI=2.000,  DHDADO=0.0,                                             
          CHSTAT=0.25,  TWISTA=0.0,                                              
          TYPE=1.0$                                                              
  $HTPLNF CHRDTP=0.190,  CHRDR=0.190,                                            
          SSPNE =0.425,  SSPN=0.425,                                             
          CHSTAT=0.25,  TWISTA=0.0,                                              
          TYPE=1.0$                                                              
  $VTPLNF CHRDTP=0.269, CHRDR=0.286,                                             
          SSPNE =0.392, SSPN=0.392,                                              
          CHSTAT=1.0,  TWISTA=0.0,                                               
          TYPE=1.0$                                                              
  $PROPWR AIETLP=0.0, NENGSP=1.0,   THSTCP=0.0492,                               
          PHALOC=1.25,PHVLOC=0.0072,PRPRAD=0.1651,                               
          ENGFCT=0.7, NOPBPE=2.0,                                                
          YP=0.0,     CROT=.FALSE.$                                              
 NACA-W-6-63-615                                                                 
 NACA-H-4-0012                                                                   
 NACA-V-4-0012                                                                   
 CASEID TOTAL: titan                                                             
1          THE FOLLOWING IS A LIST OF ALL INPUT CARDS FOR THIS CASE.
0
 DIM M                                                                           
 DAMP                                                                            
 DERIV RAD                                                                       
 PART                                                                            
  $FLTCON NMACH=1.0,   MACH=0.054,                                               
          NALT=1.0,    ALT=100.000,                                              
          NALPHA=20.0, ALSCHD=-9.0,-8.0,-7.0,-6.0,-5.0,-4.0,-3.0,-2.0,-1.0,      
                               0.0, 1.0, 2.0, 3.0, 4.0, 5.0, 6.0, 7.0, 8.0, 9.0, 
          WT=74.058,  GAMMA=0.0,                                                 
          LOOP=2.0$                                                              
  $OPTINS BLREF=2.182,SREF=0.635,CBARR=0.309$                                    
  $SYNTHS XCG =0.7772,    ZCG=0.0072,                                            
          XW  =0.6130,    ZW=0.0680,                                             
          XH  =1.6265,    ZH=0.3270,                                             
          XV  =1.5911,    ZV=-0.0068,                                            
          ALIW=2.0224,  ALIH=2.5755,                                             
          VERTUP=.TRUE.$                                                         
  $BODY NX=10.0,                                                                 
        X =-0.004, 0.055, 0.105, 0.155, 0.205, 0.255, 0.910, 0.950, 1.000, 1.100,
        S = 0.000, 0.014, 0.024, 0.032, 0.037, 0.039, 0.039, 0.037, 0.030, 0.008,
        R = 0.000, 0.061, 0.080, 0.090, 0.097, 0.100, 0.100, 0.097, 0.087, 0.050,
        P = 0.000, 0.435, 0.573, 0.672, 0.739, 0.765, 0.765, 0.736, 0.643, 0.314,
        ZU=-0.016, 0.055, 0.083, 0.100, 0.110, 0.115, 0.115, 0.112, 0.100, 0.050,
        ZL=-0.016,-0.068,-0.077,-0.082,-0.084,-0.084,-0.084,-0.082,-0.076,-0.050,
        DS=1.0,ITYPE=1.0,METHOD=1.0$                                             
  $WGPLNF CHRDTP=0.166,  CHRDR=0.416,                                            
          SSPNE =0.991,  SSPN=1.091,                                             
          DHDADI=2.000,  DHDADO=0.0,                                             
          CHSTAT=0.25,  TWISTA=0.0,                                              
          TYPE=1.0$                                                              
  $HTPLNF CHRDTP=0.190,  CHRDR=0.190,                                            
          SSPNE =0.425,  SSPN=0.425,                                             
          CHSTAT=0.25,  TWISTA=0.0,                                              
          TYPE=1.0$                                                              
  $VTPLNF CHRDTP=0.269, CHRDR=0.286,                                             
          SSPNE =0.392, SSPN=0.392,                                              
          CHSTAT=1.0,  TWISTA=0.0,                                               
          TYPE=1.0$                                                              
  $PROPWR AIETLP=0.0, NENGSP=1.0,   THSTCP=0.0492,                               
          PHALOC=1.25,PHVLOC=0.0072,PRPRAD=0.1651,                               
          ENGFCT=0.7, NOPBPE=2.0,                                                
          YP=0.0,     CROT=.FALSE.$                                              
 NACA-W-6-63-615                                                                 
 NACA-H-4-0012                                                                   
 NACA-V-4-0012                                                                   
 CASEID TOTAL: titan                                                             
0 INPUT DIMENSIONS ARE IN M , SCALE FACTOR IS 1.0000

1                             AUTOMATED STABILITY AND CONTROL METHODS PER APRIL 1976 VERSION OF DATCOM   
                                                        WING SECTION DEFINITION
                                                                NACA 63-615
     UPPER ABSCISSA     UPPER ORDINATE     LOWER ABSCISSA     LOWER ORDINATE      X-FRACTION CHORD    MEAN LINE    THICKNESS
          .00000             .00000            .00000            .00000               .00000            .00000        .00000
         -.00072             .00560            .00272           -.00484               .00100            .00038        .01100
         -.00020             .00811            .00420           -.00673               .00200            .00069        .01547
          .00048             .01007            .00552           -.00812               .00300            .00098        .01887
          .00123             .01175            .00677           -.00926               .00400            .00125        .02172
          .00203             .01324            .00797           -.01023               .00500            .00150        .02421
          .00286             .01460            .00914           -.01110               .00600            .00175        .02645
          .00372             .01586            .01028           -.01188               .00700            .00199        .02850
          .00459             .01704            .01141           -.01259               .00800            .00222        .03040
          .00548             .01815            .01252           -.01325               .00900            .00245        .03218
          .00637             .01921            .01363           -.01386               .01000            .00267        .03385
          .01570             .02784            .02430           -.01848               .02000            .00468        .04712
          .02533             .03456            .03467           -.02169               .03000            .00643        .05702
          .03511             .04025            .04489           -.02421               .04000            .00802        .06520
          .04497             .04526            .05503           -.02630               .05000            .00948        .07227
          .05488             .04978            .06512           -.02811               .06000            .01084        .07856
          .06484             .05392            .07516           -.02970               .07000            .01211        .08426
          .07482             .05775            .08518           -.03113               .08000            .01331        .08949
          .08482             .06132            .09518           -.03243               .09000            .01445        .09433
          .09484             .06467            .10516           -.03363               .10000            .01552        .09884
          .10488             .06782            .11512           -.03473               .11000            .01654        .10306
          .11493             .07079            .12507           -.03575               .12000            .01752        .10702
          .12499             .07360            .13501           -.03670               .13000            .01845        .11076
          .13507             .07626            .14493           -.03759               .14000            .01934        .11428
          .14515             .07879            .15485           -.03842               .15000            .02018        .11761
          .15523             .08118            .16477           -.03920               .16000            .02099        .12075
          .16533             .08345            .17467           -.03992               .17000            .02177        .12372
          .17543             .08560            .18457           -.04059               .18000            .02251        .12652
          .18554             .08764            .19446           -.04121               .19000            .02322        .12915
          .19565             .08956            .20435           -.04178               .20000            .02389        .13163
          .20577             .09138            .21423           -.04230               .21000            .02454        .13395
          .21589             .09309            .22411           -.04277               .22000            .02516        .13611
          .22602             .09469            .23398           -.04320               .23000            .02575        .13812
          .23615             .09619            .24385           -.04357               .24000            .02631        .13998
          .24629             .09759            .25371           -.04389               .25000            .02685        .14168
          .25643             .09889            .26357           -.04416               .26000            .02736        .14323
          .26657             .10008            .27343           -.04438               .27000            .02785        .14462
          .27671             .10117            .28329           -.04455               .28000            .02831        .14586
          .28686             .10216            .29314           -.04465               .29000            .02875        .14694
          .29701             .10304            .30299           -.04471               .30000            .02917        .14787
          .34778             .10588            .35222           -.04405               .35000            .03091        .15000
          .39857             .10607            .40143           -.04180               .40000            .03213        .14791
          .44932             .10386            .45068           -.03815               .45000            .03286        .14202
          .50000             .09957            .50000           -.03338               .50000            .03310        .13296
          .55058             .09351            .54942           -.02780               .55000            .03286        .12131
          .60104             .08597            .59896           -.02170               .60000            .03213        .10769
          .65137             .07724            .64863           -.01541               .65000            .03091        .09269
          .70155             .06760            .69845           -.00927               .70000            .02917        .07693
          .75160             .05731            .74840           -.00361               .75000            .02685        .06100
          .80150             .04660            .79850            .00119               .80000            .02389        .04551
          .82143             .04224            .81857            .00277               .82000            .02251        .03957
          .84134             .03786            .83866            .00413               .84000            .02099        .03384
          .86122             .03346            .85878            .00521               .86000            .01934        .02835
          .88110             .02904            .87890            .00600               .88000            .01752        .02314
          .90095             .02460            .89905            .00644               .90000            .01552        .01826
          .92080             .02013            .91920            .00649               .92000            .01331        .01373
          .94063             .01560            .93937            .00608               .94000            .01084        .00960
          .96044             .01094            .95956            .00510               .96000            .00802        .00591
          .98025             .00601            .97975            .00335               .98000            .00468        .00270
         1.00000             .00000           1.00000            .00000              1.00000            .00000        .00000
1                             AUTOMATED STABILITY AND CONTROL METHODS PER APRIL 1976 VERSION OF DATCOM   
                                                        WING SECTION DEFINITION
0                                 IDEAL ANGLE OF ATTACK =    .00000 DEG.

                              ZERO LIFT ANGLE OF ATTACK =  -4.54192 DEG.

                                 IDEAL LIFT COEFFICIENT =    .60000

                  ZERO LIFT PITCHING MOMENT COEFFICIENT =   -.13124

                             MACH ZERO LIFT-CURVE-SLOPE =    .10394 /DEG.

                                    LEADING EDGE RADIUS =    .01549 FRACTION CHORD

                              MAXIMUM AIRFOIL THICKNESS =    .15000 FRACTION CHORD

                                                DELTA-Y =   3.26637 PERCENT CHORD


0                         MACH=  .0540 LIFT-CURVE-SLOPE =    .10402 /DEG.      XAC =    .25829
1                             AUTOMATED STABILITY AND CONTROL METHODS PER APRIL 1976 VERSION OF DATCOM   
                                                   HORIZONTAL TAIL SECTION DEFINITION
                                                                NACA 0012
     UPPER ABSCISSA     UPPER ORDINATE     LOWER ABSCISSA     LOWER ORDINATE      X-FRACTION CHORD    MEAN LINE    THICKNESS
          .00000             .00000            .00000            .00000               .00000            .00000        .00000
          .00100             .00556            .00100           -.00556               .00100            .00000        .01111
          .00200             .00781            .00200           -.00781               .00200            .00000        .01563
          .00300             .00953            .00300           -.00953               .00300            .00000        .01906
          .00400             .01096            .00400           -.01096               .00400            .00000        .02192
          .00500             .01221            .00500           -.01221               .00500            .00000        .02443
          .00600             .01334            .00600           -.01334               .00600            .00000        .02668
          .00700             .01436            .00700           -.01436               .00700            .00000        .02873
          .00800             .01532            .00800           -.01532               .00800            .00000        .03063
          .00900             .01620            .00900           -.01620               .00900            .00000        .03240
          .01000             .01704            .01000           -.01704               .01000            .00000        .03407
          .02000             .02360            .02000           -.02360               .02000            .00000        .04720
          .03000             .02840            .03000           -.02840               .03000            .00000        .05680
          .04000             .03228            .04000           -.03228               .04000            .00000        .06455
          .05000             .03555            .05000           -.03555               .05000            .00000        .07109
          .06000             .03838            .06000           -.03838               .06000            .00000        .07675
          .07000             .04086            .07000           -.04086               .07000            .00000        .08173
          .08000             .04307            .08000           -.04307               .08000            .00000        .08614
          .09000             .04505            .09000           -.04505               .09000            .00000        .09010
          .10000             .04683            .10000           -.04683               .10000            .00000        .09366
          .11000             .04843            .11000           -.04843               .11000            .00000        .09686
          .12000             .04988            .12000           -.04988               .12000            .00000        .09976
          .13000             .05119            .13000           -.05119               .13000            .00000        .10239
          .14000             .05238            .14000           -.05238               .14000            .00000        .10476
          .15000             .05345            .15000           -.05345               .15000            .00000        .10690
          .16000             .05442            .16000           -.05442               .16000            .00000        .10884
          .17000             .05529            .17000           -.05529               .17000            .00000        .11057
          .18000             .05607            .18000           -.05607               .18000            .00000        .11213
          .19000             .05676            .19000           -.05676               .19000            .00000        .11352
          .20000             .05738            .20000           -.05738               .20000            .00000        .11475
          .21000             .05792            .21000           -.05792               .21000            .00000        .11583
          .22000             .05839            .22000           -.05839               .22000            .00000        .11677
          .23000             .05879            .23000           -.05879               .23000            .00000        .11758
          .24000             .05913            .24000           -.05913               .24000            .00000        .11826
          .25000             .05941            .25000           -.05941               .25000            .00000        .11882
          .26000             .05964            .26000           -.05964               .26000            .00000        .11927
          .27000             .05981            .27000           -.05981               .27000            .00000        .11961
          .28000             .05993            .28000           -.05993               .28000            .00000        .11985
          .29000             .06000            .29000           -.06000               .29000            .00000        .11999
          .30000             .06002            .30000           -.06002               .30000            .00000        .12003
          .35000             .05949            .35000           -.05949               .35000            .00000        .11897
          .40000             .05803            .40000           -.05803               .40000            .00000        .11606
          .45000             .05581            .45000           -.05581               .45000            .00000        .11161
          .50000             .05294            .50000           -.05294               .50000            .00000        .10588
          .55000             .04952            .55000           -.04952               .55000            .00000        .09905
          .60000             .04563            .60000           -.04563               .60000            .00000        .09127
          .65000             .04132            .65000           -.04132               .65000            .00000        .08265
          .70000             .03664            .70000           -.03664               .70000            .00000        .07328
          .75000             .03160            .75000           -.03160               .75000            .00000        .06321
          .80000             .02623            .80000           -.02623               .80000            .00000        .05246
          .82000             .02399            .82000           -.02399               .82000            .00000        .04798
          .84000             .02169            .84000           -.02169               .84000            .00000        .04339
          .86000             .01934            .86000           -.01934               .86000            .00000        .03869
          .88000             .01694            .88000           -.01694               .88000            .00000        .03388
          .90000             .01448            .90000           -.01448               .90000            .00000        .02895
          .92000             .01196            .92000           -.01196               .92000            .00000        .02392
          .94000             .00938            .94000           -.00938               .94000            .00000        .01876
          .96000             .00674            .96000           -.00674               .96000            .00000        .01347
          .98000             .00403            .98000           -.00403               .98000            .00000        .00806
         1.00000             .00000           1.00000            .00000              1.00000            .00000        .00000
1                             AUTOMATED STABILITY AND CONTROL METHODS PER APRIL 1976 VERSION OF DATCOM   
                                                   HORIZONTAL TAIL SECTION DEFINITION
0                                 IDEAL ANGLE OF ATTACK =    .00000 DEG.

                              ZERO LIFT ANGLE OF ATTACK =    .00000 DEG.

                                 IDEAL LIFT COEFFICIENT =    .00000

                  ZERO LIFT PITCHING MOMENT COEFFICIENT =    .00000

                             MACH ZERO LIFT-CURVE-SLOPE =    .09596 /DEG.

                                    LEADING EDGE RADIUS =    .01587 FRACTION CHORD

                              MAXIMUM AIRFOIL THICKNESS =    .12000 FRACTION CHORD

                                                DELTA-Y =   3.16898 PERCENT CHORD


0                         MACH=  .0540 LIFT-CURVE-SLOPE =    .09607 /DEG.      XAC =    .25841
1                             AUTOMATED STABILITY AND CONTROL METHODS PER APRIL 1976 VERSION OF DATCOM   
                                                    VERTICAL TAIL SECTION DEFINITION
                                                                NACA 0012
     UPPER ABSCISSA     UPPER ORDINATE     LOWER ABSCISSA     LOWER ORDINATE      X-FRACTION CHORD    MEAN LINE    THICKNESS
          .00000             .00000            .00000            .00000               .00000            .00000        .00000
          .00100             .00556            .00100           -.00556               .00100            .00000        .01111
          .00200             .00781            .00200           -.00781               .00200            .00000        .01563
          .00300             .00953            .00300           -.00953               .00300            .00000        .01906
          .00400             .01096            .00400           -.01096               .00400            .00000        .02192
          .00500             .01221            .00500           -.01221               .00500            .00000        .02443
          .00600             .01334            .00600           -.01334               .00600            .00000        .02668
          .00700             .01436            .00700           -.01436               .00700            .00000        .02873
          .00800             .01532            .00800           -.01532               .00800            .00000        .03063
          .00900             .01620            .00900           -.01620               .00900            .00000        .03240
          .01000             .01704            .01000           -.01704               .01000            .00000        .03407
          .02000             .02360            .02000           -.02360               .02000            .00000        .04720
          .03000             .02840            .03000           -.02840               .03000            .00000        .05680
          .04000             .03228            .04000           -.03228               .04000            .00000        .06455
          .05000             .03555            .05000           -.03555               .05000            .00000        .07109
          .06000             .03838            .06000           -.03838               .06000            .00000        .07675
          .07000             .04086            .07000           -.04086               .07000            .00000        .08173
          .08000             .04307            .08000           -.04307               .08000            .00000        .08614
          .09000             .04505            .09000           -.04505               .09000            .00000        .09010
          .10000             .04683            .10000           -.04683               .10000            .00000        .09366
          .11000             .04843            .11000           -.04843               .11000            .00000        .09686
          .12000             .04988            .12000           -.04988               .12000            .00000        .09976
          .13000             .05119            .13000           -.05119               .13000            .00000        .10239
          .14000             .05238            .14000           -.05238               .14000            .00000        .10476
          .15000             .05345            .15000           -.05345               .15000            .00000        .10690
          .16000             .05442            .16000           -.05442               .16000            .00000        .10884
          .17000             .05529            .17000           -.05529               .17000            .00000        .11057
          .18000             .05607            .18000           -.05607               .18000            .00000        .11213
          .19000             .05676            .19000           -.05676               .19000            .00000        .11352
          .20000             .05738            .20000           -.05738               .20000            .00000        .11475
          .21000             .05792            .21000           -.05792               .21000            .00000        .11583
          .22000             .05839            .22000           -.05839               .22000            .00000        .11677
          .23000             .05879            .23000           -.05879               .23000            .00000        .11758
          .24000             .05913            .24000           -.05913               .24000            .00000        .11826
          .25000             .05941            .25000           -.05941               .25000            .00000        .11882
          .26000             .05964            .26000           -.05964               .26000            .00000        .11927
          .27000             .05981            .27000           -.05981               .27000            .00000        .11961
          .28000             .05993            .28000           -.05993               .28000            .00000        .11985
          .29000             .06000            .29000           -.06000               .29000            .00000        .11999
          .30000             .06002            .30000           -.06002               .30000            .00000        .12003
          .35000             .05949            .35000           -.05949               .35000            .00000        .11897
          .40000             .05803            .40000           -.05803               .40000            .00000        .11606
          .45000             .05581            .45000           -.05581               .45000            .00000        .11161
          .50000             .05294            .50000           -.05294               .50000            .00000        .10588
          .55000             .04952            .55000           -.04952               .55000            .00000        .09905
          .60000             .04563            .60000           -.04563               .60000            .00000        .09127
          .65000             .04132            .65000           -.04132               .65000            .00000        .08265
          .70000             .03664            .70000           -.03664               .70000            .00000        .07328
          .75000             .03160            .75000           -.03160               .75000            .00000        .06321
          .80000             .02623            .80000           -.02623               .80000            .00000        .05246
          .82000             .02399            .82000           -.02399               .82000            .00000        .04798
          .84000             .02169            .84000           -.02169               .84000            .00000        .04339
          .86000             .01934            .86000           -.01934               .86000            .00000        .03869
          .88000             .01694            .88000           -.01694               .88000            .00000        .03388
          .90000             .01448            .90000           -.01448               .90000            .00000        .02895
          .92000             .01196            .92000           -.01196               .92000            .00000        .02392
          .94000             .00938            .94000           -.00938               .94000            .00000        .01876
          .96000             .00674            .96000           -.00674               .96000            .00000        .01347
          .98000             .00403            .98000           -.00403               .98000            .00000        .00806
         1.00000             .00000           1.00000            .00000              1.00000            .00000        .00000
1                             AUTOMATED STABILITY AND CONTROL METHODS PER APRIL 1976 VERSION OF DATCOM   
                                                    VERTICAL TAIL SECTION DEFINITION
0                                 IDEAL ANGLE OF ATTACK =    .00000 DEG.

                              ZERO LIFT ANGLE OF ATTACK =    .00000 DEG.

                                 IDEAL LIFT COEFFICIENT =    .00000

                  ZERO LIFT PITCHING MOMENT COEFFICIENT =    .00000

                             MACH ZERO LIFT-CURVE-SLOPE =    .09596 /DEG.

                                    LEADING EDGE RADIUS =    .01587 FRACTION CHORD

                              MAXIMUM AIRFOIL THICKNESS =    .12000 FRACTION CHORD

                                                DELTA-Y =   3.16898 PERCENT CHORD


0                         MACH=  .0540 LIFT-CURVE-SLOPE =    .09607 /DEG.      XAC =    .25841
1                               AUTOMATED STABILITY AND CONTROL METHODS PER APRIL 1976 VERSION OF DATCOM
                                         CHARACTERISTICS AT ANGLE OF ATTACK AND IN SIDESLIP
                                        WING-BODY-VERTICAL TAIL-HORIZONTAL TAIL CONFIGURATION
                               PROPELLER POWER EFFECTS INCLUDED IN THE LONGITUDINAL STABILITY RESULTS
                                                           TOTAL: titan
 
 -----------------------  FLIGHT CONDITIONS  ------------------------           --------------  REFERENCE DIMENSIONS  ------------
  MACH    ALTITUDE   VELOCITY    PRESSURE    TEMPERATURE     REYNOLDS             REF.      REFERENCE LENGTH   MOMENT REF. CENTER
 NUMBER                                                       NUMBER              AREA       LONG.     LAT.     HORIZ      VERT
              M        M/SEC      N/ M**2       DEG K         1/ M                M**2         M         M         M         M
0  .054     100.00      18.35   1.0013E+05     287.500     1.2410E+06              .635       .309     2.182      .777      .007
0                                                               -------------------DERIVATIVE (PER RADIAN)-------------------
0 ALPHA     CD       CL       CM       CN       CA       XCP        CLA          CMA          CYB          CNB          CLB
0
   -9.0     .039    -.330     .0988   -.332    -.013    -.298    5.756E+00   -4.459E-01   -4.955E-01    1.133E-01   -8.939E-02
   -8.0     .036    -.230     .0921   -.233     .004    -.395    5.646E+00   -5.318E-01                             -8.760E-02
   -7.0     .034    -.133     .0850   -.136     .017    -.626    5.549E+00   -5.533E-01                             -8.578E-02
   -6.0     .033    -.037     .0777   -.040     .029   -1.945    5.530E+00   -5.277E-01                             -8.393E-02
   -5.0     .032     .060     .0715    .057     .038    1.249    5.613E+00   -4.614E-01                             -8.204E-02
   -4.0     .033     .159     .0665    .157     .044     .425    5.716E+00   -3.936E-01                             -8.010E-02
   -3.0     .035     .260     .0625    .258     .049     .242    5.816E+00   -3.409E-01                             -7.811E-02
   -2.0     .038     .362     .0591    .361     .051     .164    5.904E+00   -2.863E-01                             -7.608E-02
   -1.0     .042     .466     .0572    .465     .050     .123    5.978E+00   -2.261E-01                             -7.406E-02
     .0     .047     .571     .0559    .571     .047     .098    6.044E+00   -1.772E-01                             -7.204E-02
    1.0     .054     .677     .0554    .678     .042     .082    6.101E+00   -1.408E-01                             -7.004E-02
    2.0     .062     .784     .0550    .786     .034     .070    6.159E+00   -1.412E-01                             -6.804E-02
    3.0     .070     .893     .0540    .895     .024     .060    6.204E+00   -1.464E-01                             -6.606E-02
    4.0     .080    1.002     .0532   1.005     .010     .053    6.236E+00   -1.498E-01                             -6.408E-02
    5.0     .092    1.111     .0517   1.115    -.005     .046    6.269E+00   -1.980E-01                             -6.211E-02
    6.0     .104    1.221     .0487   1.226    -.024     .040    5.875E+00   -3.550E-01                             -6.015E-02
    7.0     .116    1.318     .0405   1.322    -.045     .031    5.227E+00   -6.541E-01                             -5.826E-02
    8.0     .128    1.405     .0276   1.409    -.069     .020    4.748E+00   -7.622E-01                             -5.643E-02
    9.0     .139    1.484     .0178   1.487    -.095     .012    4.341E+00   -7.340E-01                             -5.464E-02
   NDM      .047     .571     .0559    .571     .047     .098    6.044E+00   -1.772E-01                             -7.204E-02
0                                    ALPHA     Q/QINF    EPSLON  D(EPSLON)/D(ALPHA)
0
                                     -9.0      1.000      -.990         .403
                                     -8.0      1.000      -.587         .405
                                     -7.0      1.000      -.180         .411
                                     -6.0      1.000       .234         .419
                                     -5.0      1.000       .659         .434
                                     -4.0      1.000      1.102         .450
                                     -3.0      1.000      1.558         .463
                                     -2.0      1.000      2.027         .475
                                     -1.0      1.000      2.509         .492
                                       .0      1.000      3.011         .508
                                      1.0      1.000      3.524         .520
                                      2.0      1.000      4.051         .531
                                      3.0      1.000      4.587         .542
                                      4.0      1.000      5.135         .553
                                      5.0      1.000      5.694         .552
                                      6.0      1.000      6.238         .546
                                      7.0      1.000      6.786         .510
                                      8.0      1.000      7.259         .515
                                      9.0      1.000      7.816         .534
                                     NDM       1.000      3.011         .508
0*** NDM PRINTED WHEN NO DATCOM METHODS EXIST
1                               AUTOMATED STABILITY AND CONTROL METHODS PER APRIL 1976 VERSION OF DATCOM
                                                         DYNAMIC DERIVATIVES
                                        WING-BODY-VERTICAL TAIL-HORIZONTAL TAIL CONFIGURATION
                                                           TOTAL: titan
 
 -----------------------  FLIGHT CONDITIONS  ------------------------           --------------  REFERENCE DIMENSIONS  ------------
  MACH    ALTITUDE   VELOCITY    PRESSURE    TEMPERATURE     REYNOLDS             REF.      REFERENCE LENGTH   MOMENT REF. CENTER
 NUMBER                                                       NUMBER              AREA       LONG.     LAT.     HORIZ      VERT
              M        M/SEC      N/ M**2       DEG K         1/ M                M**2         M         M         M         M
0  .054     100.00      18.35   1.0013E+05     287.500     1.2410E+06              .635       .309     2.182      .777      .007
                                                    DYNAMIC DERIVATIVES (PER RADIAN)
0           -------PITCHING-------    -----ACCELERATION------    --------------ROLLING--------------    --------YAWING--------
0   ALPHA       CLQ          CMQ           CLAD         CMAD         CLP          CYP          CNP          CNR          CLR
0
    -9.00    7.074E+00   -1.958E+01     2.652E+00   -7.711E+00   -4.833E-01   -6.782E-02    3.101E-02   -1.082E-01   -1.641E-03
    -8.00                               2.667E+00   -7.755E+00   -4.720E-01   -7.222E-02    2.337E-02   -1.092E-01    1.362E-02
    -7.00                               2.703E+00   -7.858E+00   -4.623E-01   -7.641E-02    1.578E-02   -1.103E-01    2.847E-02
    -6.00                               2.759E+00   -8.023E+00   -4.633E-01   -8.044E-02    8.212E-03   -1.116E-01    4.302E-02
    -5.00                               2.857E+00   -8.307E+00   -4.743E-01   -8.463E-02    5.355E-04   -1.129E-01    5.793E-02
    -4.00                               2.961E+00   -8.610E+00   -4.855E-01   -8.899E-02   -7.222E-03   -1.143E-01    7.326E-02
    -3.00                               3.045E+00   -8.853E+00   -4.959E-01   -9.350E-02   -1.506E-02   -1.159E-01    8.897E-02
    -2.00                               3.129E+00   -9.096E+00   -5.056E-01   -9.816E-02   -2.297E-02   -1.176E-01    1.050E-01
    -1.00                               3.238E+00   -9.413E+00   -5.145E-01   -1.029E-01   -3.096E-02   -1.195E-01    1.214E-01
      .00                               3.342E+00   -9.716E+00   -5.225E-01   -1.079E-01   -3.903E-02   -1.215E-01    1.381E-01
     1.00                               3.423E+00   -9.952E+00   -5.295E-01   -1.129E-01   -4.718E-02   -1.236E-01    1.550E-01
     2.00                               3.497E+00   -1.017E+01   -5.354E-01   -1.180E-01   -5.542E-02   -1.260E-01    1.721E-01
     3.00                               3.569E+00   -1.038E+01   -5.403E-01   -1.232E-01   -6.375E-02   -1.285E-01    1.894E-01
     4.00                               3.643E+00   -1.059E+01   -5.441E-01   -1.285E-01   -7.218E-02   -1.311E-01    2.067E-01
     5.00                               3.631E+00   -1.056E+01   -5.469E-01   -1.339E-01   -8.072E-02   -1.340E-01    2.242E-01
     6.00                               3.596E+00   -1.046E+01   -4.998E-01   -1.405E-01   -9.264E-02   -1.370E-01    2.417E-01
     7.00                               3.360E+00   -9.768E+00   -4.320E-01   -1.460E-01   -1.050E-01   -1.396E-01    2.557E-01
     8.00                               3.391E+00   -9.858E+00   -3.941E-01   -1.504E-01   -1.152E-01   -1.421E-01    2.682E-01
     9.00                               3.515E+00   -1.022E+01   -3.608E-01   -1.494E-01   -1.187E-01   -1.444E-01    2.793E-01
    NDM                                 3.342E+00   -9.716E+00   -5.225E-01   -1.079E-01   -3.903E-02   -1.215E-01    1.381E-01
0*** NDM PRINTED WHEN NO DATCOM METHODS EXIST
0*** VEHICLE WEIGHT =     74.06 N. 
0*** LEVEL FLIGHT LIFT COEFFICIENT = 2.53827
1                             AUTOMATED STABILITY AND CONTROL METHODS PER APRIL 1976 VERSION OF DATCOM
                                             CONFIGURATION AUXILIARY AND PARTIAL OUTPUT
                                        WING-BODY-VERTICAL TAIL-HORIZONTAL TAIL CONFIGURATION
                                                           TOTAL: titan
 -----------------------  FLIGHT CONDITIONS  ------------------------           --------------  REFERENCE DIMENSIONS  ------------
  MACH    ALTITUDE   VELOCITY    PRESSURE    TEMPERATURE     REYNOLDS             REF.      REFERENCE LENGTH   MOMENT REF. CENTER
 NUMBER                                                       NUMBER              AREA       LONG.     LAT.     HORIZ      VERT
              M        M/SEC      N/ M**2       DEG K         1/ M                M**2         M         M         M         M
0  .054     100.00      18.35   1.0013E+05     287.500     1.2410E+06              .635       .309     2.182      .777      .007


                                                       BASIC BODY PROPERTIES

            WETTED AREA      XCG     ZCG     BASE AREA     ZERO LIFT DRAG   BASE DRAG   FRICTION DRAG   PRESSURE DRAG
              .7532E+00      .78     .01        .0117         .8343E-02     .8372E-03     .7506E-02         NA  


                                         XCG RELATIVE TO THEORETICAL LEADING EDGE MAC=    .14


                                                       BASIC PLANFORM PROPERTIES

                                    TAPER     ASPECT   QUARTER CHORD             QUARTER CHORD              ZERO LIFT    FRICTION
                         AREA       RATIO      RATIO       SWEEP        MAC        X(MAC)       Y(MAC)        DRAG     COEFFICIENT
0      WING
   TOTAL THEORITICAL
+                      .6350E+00     .399     .7498E+01      .000     .309E+00     .717E+00     .467E+00                       
       TOTAL EXPOSED
+                      .5541E+00     .422     .7090E+01      .000     .295E+00     .717E+00     .528E+00     .123E-01     .537E-02
0  HORIZONTAL TAIL
   TOTAL THEORITICAL
+                      .1615E+00    1.000     .4474E+01      .000     .190E+00     .167E+01     .213E+00                       
       TOTAL EXPOSED
+                      .1615E+00    1.000     .4474E+01      .000     .190E+00     .167E+01     .213E+00     .370E-02     .584E-02
0   VERTICAL TAIL
   TOTAL THEORITICAL
+                      .1088E+00     .941     .1413E+01     1.863     .278E+00     .167E+01     .187E+00                       
       TOTAL EXPOSED
+                      .1088E+00     .941     .1413E+01     1.863     .278E+00     .167E+01     .194E+00     .232E-02     .543E-02
0*** NA PRINTED WHEN METHOD NOT APPLICABLE
1                             AUTOMATED STABILITY AND CONTROL METHODS PER APRIL 1976 VERSION OF DATCOM
                                             CONFIGURATION AUXILIARY AND PARTIAL OUTPUT
                                        WING-BODY-VERTICAL TAIL-HORIZONTAL TAIL CONFIGURATION
                                                           TOTAL: titan
 -----------------------  FLIGHT CONDITIONS  ------------------------           --------------  REFERENCE DIMENSIONS  ------------
  MACH    ALTITUDE   VELOCITY    PRESSURE    TEMPERATURE     REYNOLDS             REF.      REFERENCE LENGTH   MOMENT REF. CENTER
 NUMBER                                                       NUMBER              AREA       LONG.     LAT.     HORIZ      VERT
              M        M/SEC      N/ M**2       DEG K         1/ M                M**2         M         M         M         M
0  .054     100.00      18.35   1.0013E+05     287.500     1.2410E+06              .635       .309     2.182      .777      .007
0          CLA-B(W)= 8.291E-03     CLA-W(B)= 7.469E-02     K-B(W)= 1.192E-01     K-W(B)= 1.073E+00     XAC/C-B(W)= 3.180E-01
0          CLA-B(H)= 0.000E+00     CLA-H(B)= 1.976E-02     K-B(H)= 0.000E+00     K-H(B)= 1.000E+00     XAC/C-B(H)= 1.537E-01
0                                      SIDEWASH, (1 + D(SIGMA)/D(BETA))QV/Q = 9.2429382E-01



                ALPHA         IV-B(W)          IV-W(H)          IV-B(H)          GAMMA/                  GAMMA/
                                                                              2*PI*ALPHA*V*R         (2*PI*ALPHA*V*R)T
                -9.000        .0000E+00              NAN        .8808E-03          NDM                    .4019E+00
                -8.000        .0000E+00              NAN        .0000E+00          NDM                      NDM 
                -7.000        .0000E+00              NAN        .0000E+00          NDM                      NDM 
                -6.000        .0000E+00              NAN        .0000E+00          NDM                      NDM 
                -5.000        .0000E+00              NAN        .0000E+00        .0000E+00                .0000E+00
                -4.000        .0000E+00              NAN        .0000E+00        .0000E+00                .0000E+00
                -3.000        .0000E+00              NAN        .0000E+00        .0000E+00                .0000E+00
                -2.000        .0000E+00              NAN        .0000E+00        .0000E+00                .0000E+00
                -1.000        .0000E+00              NAN        .0000E+00        .0000E+00                .0000E+00
                  .000        .0000E+00              NAN        .0000E+00        .0000E+00                .0000E+00
                 1.000        .0000E+00              NAN        .0000E+00        .0000E+00                .0000E+00
                 2.000        .0000E+00              NAN        .0000E+00        .0000E+00                .0000E+00
                 3.000        .0000E+00              NAN        .0000E+00        .0000E+00                .0000E+00
                 4.000        .0000E+00              NAN        .0000E+00        .0000E+00                .0000E+00
                 5.000        .0000E+00              NAN        .0000E+00        .0000E+00                .0000E+00
                 6.000        .0000E+00              NAN        .0000E+00          NDM                      NDM 
                 7.000        .0000E+00              NAN        .0000E+00          NDM                      NDM 
                 8.000        .0000E+00              NAN        .0000E+00          NDM                      NDM 
                 9.000        .0000E+00              NAN        .8808E-03          NDM                    .4019E+00
                 NDM          .0000E+00              NAN        .0000E+00        .0000E+00                .0000E+00


                                                  DYNAMIC DERIVATIVE INCREMENTALS
          CLP(GAMMA=CL=0) =-4.4749E-01     CLP(GAMMA)/CLP (GAMMA=0) = 9.9612E-01      CNP/THETA = 2.4047E-04
                              CYP/GAMMA =-4.6670E-02                    CYP/CL (CL=0) =-1.4205E-01

                                             CLB/GAMMA        (CMO/THETA)W     (CMO/THETA)H
                                              -.2207E-03           NA                NA  
0*** NDM PRINTED WHEN NO DATCOM METHODS EXIST
0*** NA PRINTED WHEN METHOD NOT APPLICABLE
1
1 END OF JOB.
